{"ts":"2022-05-30T12:36:59.563","pid":15140,"tid":"558","sev":"info","req":"-","sess":"-","k":"fault-reporting-init","v":{"log-path":"C:\\Users\\suraj\\Documents\\My Tableau Repository\\Logs\\crashdumps\\hyperd-error_15140_22-0530-123659.log"}}
{"ts":"2022-05-30T12:36:59.574","pid":15140,"tid":"558","sev":"info","req":"-","sess":"-","k":"startup-info","v":{"command-line":"C:\\Program Files\\Tableau\\Tableau 2019.1\\bin\\hyper\\hyperd.exe --init overwrite --skip-license --no-password --no-ssl --init-user tableau_internal_user -x language=en_US -x persist_redo_log=false -x fallback_on_unknown_locale=en_US --log-dir C:\\Users\\suraj\\Documents\\My Tableau Repository\\Logs -x log_config=file,json,all,hyperd,0 -x log_file_backup_size_limit=1m -x Tableau.LogLevel.Info -x crash_dump_path=C:\\Users\\suraj\\Documents\\My Tableau Repository\\Logs\\crashdumps --database C:\\Users\\suraj\\AppData\\Local\\Temp\\TableauTemp\\1l0zpef0o5qdhg1h2cifs037z612\\hyper_db --listen-connection tab.pipe://./pipe/auto --callback-connection tab.pipe://./pipe/{91CAADCE-A560-4E69-8BC9-B8F17373641B} run","server-version":"9.1.0","build-version":"2019.1.0.5729.r7034a344","build-type":"Release","build-cpu-features":["sse2","sse4.2"],"settings":{"Hyper.Mode.Experimental": "", "Hyper.Mode.Standard": "", "Tableau.LogLevel.Debug": "", "Tableau.LogLevel.Error": "", "Tableau.LogLevel.Fatal": "", "Tableau.LogLevel.Info": "", "Tableau.LogLevel.Off": "", "Tableau.LogLevel.Trace": "", "Tableau.LogLevel.Warn": "", "crash_dump_path": "\"C:\\Users\\suraj\\Documents\\My Tableau Repository\\Logs\\crashdumps\"", "datablock_uncompress_incomplete_blocks": true, "date_style": "ISO, MDY", "default_database_file_version": "0", "experimental_index_creation": false, "experimental_persisted_udf_creation": false, "experimental_persisted_udt_creation": false, "experimental_udf_creation": false, "experimental_udt_creation": false, "extra_float_digits": 0, "fallback_on_unknown_locale": "en_us", "file_partition_size_limit": "0", "global_file_partition_size_limit": "0", "hard_concurrent_query_thread_limit": "100%", "initial_random_seed": 5, "lambda_restriction_only_if_unreusable": true, "language": "en_US", "log_block_partition": false, "log_bulk_insert": false, "log_bump_allocator": false, "log_code_metrics": false, "log_common_subexpression_extraction": false, "log_common_subexpression_hoisting": false, "log_compilation_mode": false, "log_config": "file,json,all,hyperd,0", "log_connection": false, "log_constraint_check": false, "log_continuations": false, "log_database": false, "log_expression_reuse": false, "log_external_streams": false, "log_external_table_cache": false, "log_file_backup_size_limit": "1024k", "log_file_max_count": 0, "log_file_path": "\"C:\\Users\\suraj\\Documents\\My Tableau Repository\\Logs\"", "log_file_size_limit": "16777215t", "log_filter_join": false, "log_hashtable_sizes": false, "log_last_parallel": false, "log_memory_tracker": false, "log_memory_tracker_threshold": "16777215t", "log_objectstore": false, "log_optimizer_statistics": false, "log_optimizersteps": false, "log_pipeline_dependencies": false, "log_pipelines": false, "log_plan_cache": false, "log_queries": true, "log_query_cpu": false, "log_query_graph": false, "log_query_plans": false, "log_resource_usage_interval": 0, "log_sample": false, "log_scheduler": false, "log_scheduler_condvar": false, "log_schema_serialization": false, "log_script_pipelines": false, "log_service_name": "hyperd", "log_spooling_fallback_verbose": false, "log_stack_on_error": false, "log_statement_latches": false, "log_timing": false, "log_translation_mapping_choice": false, "log_troublesome_query_plans": true, "log_unflushedmemory": false, "log_writebuffer": false, "max_query_size": "64m", "named_pipes_allow_all_users": false, "num_job_worker_threads": "100%", "num_task_worker_threads": "100%", "optimize_extract_year": true, "optimize_lambda_restriction": true, "optimize_tde_lambda_restriction": true, "password_encryption": "md5", "sample_max_tuples": 100000, "sample_min_tuples": 1000, "short_circuiting": true, "soft_concurrent_query_thread_limit": "100%", "srm_detailed_logging": false, "tde_scan_once_default": false, "transitive_join_condition_optimization_limit": 7, "troublesome_query_execution_threshold": 10000, "two_digit_year_threshold": 70, "use_containsany": true, "use_new_join_estimates": true, "use_spooling_fallback": true},"network-threads":3,"parent-pid":6180,"min-protocol-version":1,"max-protocol-version":1}}
{"ts":"2022-05-30T12:36:59.574","pid":15140,"tid":"558","sev":"info","req":"-","sess":"-","k":"cpu-info","v":{"physical-cores":6,"logical-cores":12,"cpu-vendor":"AuthenticAMD","cpu-stepping":0,"cpu-model":0,"cpu-family":15,"cpu-processor-type":0,"cpu-extended-model":5,"cpu-extended-family":10,"feature-flags":"00000000101001010000111100000000|00000010000011000000100000000000|01111110110110000011001000001011|00010111100010111111101111111111"}}
{"ts":"2022-05-30T12:36:59.574","pid":15140,"tid":"558","sev":"info","req":"-","sess":"-","k":"compilation-cpu-features","v":{"cpu":"generic","features":["sse2","cx16","-tbm","-avx512ifma","-avx512dq","-fma4","prfchw","bmi2","xsavec","fsgsbase","popcnt","aes","xsaves","-avx512er","-avx512vpopcntdq","clwb","-avx512f","clzero","-pku","mmx","-lwp","-xop","rdseed","sse4a","-avx512bw","clflushopt","xsave","-avx512vl","-avx512cd","avx","-rtm","fma","bmi","rdrnd","mwaitx","sse4.1","sse4.2","avx2","sse","lzcnt","pclmul","-prefetchwt1","f16c","ssse3","-sgx","cmov","-avx512vbmi","movbe","xsaveopt","sha","adx","-avx512pf","sse3"]}}
{"ts":"2022-05-30T12:36:59.574","pid":15140,"tid":"558","sev":"info","req":"-","sess":"-","k":"operating-system-info","v":{"operating-system-name":"Windows","operating-system-version":"10.0.22000.675"}}
{"ts":"2022-05-30T12:36:59.578","pid":15140,"tid":"558","sev":"info","req":"-","sess":"-","k":"memory-info","v":{"physical-memory-mb":7524.57,"page-alignment-size":65536}}
{"ts":"2022-05-30T12:36:59.578","pid":15140,"tid":"558","sev":"warning","req":"-","sess":"-","k":"redo-log-not-persisted","v":{"msg":"Redo log is not persisted: database durability will not be guaranteed"}}
{"ts":"2022-05-30T12:36:59.578","pid":15140,"tid":"558","sev":"info","req":"-","sess":"-","k":"init-maindb-begin","v":{"path":"C:\\Users\\suraj\\AppData\\Local\\Temp\\TableauTemp\\1l0zpef0o5qdhg1h2cifs037z612\\hyper_db"}}
{"ts":"2022-05-30T12:36:59.585","pid":15140,"tid":"4410","sev":"info","req":"-","sess":"-","k":"memtracker-reclaim","v":{"managed-objects":0,"goal":2726538444,"reclaimed":0,"new-current-mem":0,"skip-count":0,"still-available":0,"notified":true,"elapsed":3.1e-06}}
{"ts":"2022-05-30T12:36:59.585","pid":15140,"tid":"558","sev":"info","req":"-","sess":"-","k":"dbregistry-construct","v":{"file-backed":false}}
{"ts":"2022-05-30T12:36:59.587","pid":15140,"tid":"558","sev":"info","req":"-","sess":"-","k":"objstore-commit","v":{"file":"\\\\?\\C:\\Users\\suraj\\AppData\\Local\\Temp\\TableauTemp\\1l0zpef0o5qdhg1h2cifs037z612\\hyper_db","truncate":false,"uncommitted-changes":true,"elapsed-mark-free":2.5e-06,"elapsed-apply-pending-frees":8e-07,"file-size":65536,"elapsed-consolidate-freelist":2.8e-06,"elapsed-write-directory-and-freelist":5.43e-05,"elapsed-sync-filehandles":0.0007954,"file-version":0,"encrypted":0,"last-write":"2022-05-30 07:06:59.587279","elapsed-write-header":0.0004729,"elapsed":0.001335}}
{"ts":"2022-05-30T12:36:59.596","pid":15140,"tid":"558","sev":"info","req":"-","sess":"-","k":"objstore-open","v":{"file":"\\\\?\\C:\\Users\\suraj\\AppData\\Local\\Temp\\TableauTemp\\1l0zpef0o5qdhg1h2cifs037z612\\hyper_db","elapsed-setup-idmap":5.16e-05,"elapsed-open-file":0.0087879,"file-version":0,"encrypted":0,"file-size":65536,"last-write":"2022-05-30 07:06:59.587279","elapsed-adjust-file-size":5.27e-05,"mapping-addr":"0x0f0f0f3fff1c0000","elapsed-map-file":2.9e-05,"elapsed-read-directory":2.54e-05,"elapsed":0.0089478}}
{"ts":"2022-05-30T12:36:59.599","pid":15140,"tid":"558","sev":"info","req":"-","sess":"-","k":"objstore-commit","v":{"file":"\\\\?\\C:\\Users\\suraj\\AppData\\Local\\Temp\\TableauTemp\\1l0zpef0o5qdhg1h2cifs037z612\\hyper_db","truncate":false,"uncommitted-changes":true,"elapsed-mark-free":2.5e-06,"elapsed-apply-pending-frees":5e-07,"file-size":65536,"elapsed-consolidate-freelist":3.7e-06,"elapsed-write-directory-and-freelist":2.23e-05,"elapsed-sync-filehandles":0.0010607,"file-version":0,"encrypted":0,"last-write":"2022-05-30 07:06:59.598107","elapsed-write-header":0.0012593,"elapsed":0.0024122}}
{"ts":"2022-05-30T12:36:59.599","pid":15140,"tid":"558","sev":"info","req":"-","sess":"-","k":"global-infrastructure-shutdown","v":{}}
{"ts":"2022-05-30T12:36:59.599","pid":15140,"tid":"558","sev":"info","req":"-","sess":"-","k":"database-registry-shutdown-begin","v":{}}
{"ts":"2022-05-30T12:36:59.602","pid":15140,"tid":"558","sev":"info","req":"-","sess":"-","k":"objstore-commit","v":{"file":"\\\\?\\C:\\Users\\suraj\\AppData\\Local\\Temp\\TableauTemp\\1l0zpef0o5qdhg1h2cifs037z612\\hyper_db","truncate":true,"uncommitted-changes":false,"elapsed-mark-free":5.86e-05,"elapsed-apply-pending-frees":5e-07,"file-size":65536,"elapsed-consolidate-freelist":4.6e-06,"elapsed-write-directory-and-freelist":3.74e-05,"elapsed-sync-filehandles":0.0010251,"file-version":0,"encrypted":0,"last-write":"2022-05-30 07:06:59.60059","elapsed-write-header":0.0014743,"elapsed-shrink-mapping":3.62e-05,"elapsed":0.0026621}}
{"ts":"2022-05-30T12:36:59.602","pid":15140,"tid":"558","sev":"info","req":"-","sess":"-","k":"dbregistry-release","v":{"path":"\\\\?\\C:\\Users\\suraj\\AppData\\Local\\Temp\\TableauTemp\\1l0zpef0o5qdhg1h2cifs037z612\\hyper_db","saved":true,"elapsed-save":0.0031027,"closed":true,"elapsed-registry-close":4.4e-06,"elapsed":0.0031111}}
{"ts":"2022-05-30T12:36:59.602","pid":15140,"tid":"558","sev":"info","req":"-","sess":"-","k":"database-registry-shutdown-end","v":{"elapsed":0.0031164}}
{"ts":"2022-05-30T12:36:59.602","pid":15140,"tid":"558","sev":"info","req":"-","sess":"-","k":"init-maindb-end","v":{"elapsed-create-globals":0.0065068,"db-user":"tableau_internal_user","elapsed-setup-user":0.000192,"elapsed-create-db":0.0110636,"elapsed-save":0.0028252,"elapsed":0.0239391}}
{"ts":"2022-05-30T12:36:59.602","pid":15140,"tid":"558","sev":"info","req":"-","sess":"-","k":"service-start","v":{"msg":"Running as a service"}}
{"ts":"2022-05-30T12:36:59.609","pid":15140,"tid":"4414","sev":"info","req":"-","sess":"-","k":"memtracker-reclaim","v":{"managed-objects":0,"goal":2726538444,"reclaimed":0,"new-current-mem":0,"skip-count":0,"still-available":0,"notified":true,"elapsed":2.5e-06}}
{"ts":"2022-05-30T12:36:59.615","pid":15140,"tid":"558","sev":"info","req":"-","sess":"-","k":"objstore-open","v":{"file":"\\\\?\\C:\\Users\\suraj\\AppData\\Local\\Temp\\TableauTemp\\1l0zpef0o5qdhg1h2cifs037z612\\hyper_db","elapsed-setup-idmap":3.9e-06,"elapsed-open-file":0.0049038,"file-version":0,"encrypted":0,"file-size":65536,"last-write":"2022-05-30 07:06:59.60059","elapsed-adjust-file-size":0.0001114,"mapping-addr":"0x0f0f0f3fff1c0000","elapsed-map-file":2.42e-05,"elapsed-read-directory":3.19e-05,"elapsed":0.0050771}}
{"ts":"2022-05-30T12:36:59.615","pid":15140,"tid":"558","sev":"info","req":"-","sess":"-","k":"dbregistry-load","v":{"access-mode":"readwrite","path":"\\\\?\\C:\\Users\\suraj\\AppData\\Local\\Temp\\TableauTemp\\1l0zpef0o5qdhg1h2cifs037z612\\hyper_db","path-given":"C:\\Users\\suraj\\AppData\\Local\\Temp\\TableauTemp\\1l0zpef0o5qdhg1h2cifs037z612\\hyper_db","new-ref-count":1,"elapsed-registry-insert":6.8e-06,"already-loaded":false,"elapsed-load":0.0058695,"success":true,"database-uuid":"70d45c9a-96f4-47c8-b3c8-a51a30b2c76e","file-size":65536,"encryption":"none","elapsed":0.0058849}}
{"ts":"2022-05-30T12:36:59.615","pid":15140,"tid":"558","sev":"info","req":"-","sess":"-","k":"dbregistry-construct","v":{"file-backed":true,"main-db-file":"\\\\?\\C:\\Users\\suraj\\AppData\\Local\\Temp\\TableauTemp\\1l0zpef0o5qdhg1h2cifs037z612\\hyper_db"}}
{"ts":"2022-05-30T12:36:59.616","pid":15140,"tid":"558","sev":"info","req":"-","sess":"-","k":"thread-normalizer-processor-group","v":{"group":0,"processor-count":12}}
{"ts":"2022-05-30T12:36:59.616","pid":15140,"tid":"558","sev":"info","req":"-","sess":"-","k":"thread-normalizer-config","v":{"group-count":1,"group-size":12}}
{"ts":"2022-05-30T12:36:59.616","pid":15140,"tid":"558","sev":"info","req":"-","sess":"-","k":"scheduler-startup","v":{"soft-limit-worker-count":12,"hard-limit-worker-count":12}}
{"ts":"2022-05-30T12:36:59.616","pid":15140,"tid":"558","sev":"info","req":"-","sess":"-","k":"scheduler-chosen-variant","v":{"name":"twopool"}}
{"ts":"2022-05-30T12:36:59.617","pid":15140,"tid":"558","sev":"info","req":"-","sess":"-","k":"listen-named-pipe","v":{"pipe-name":"{F45ABB0C-B177-4A41-998F-F31B2799D1A6}"}}
{"ts":"2022-05-30T12:36:59.617","pid":15140,"tid":"558","sev":"info","req":"-","sess":"-","k":"server-ready","v":{"elapsed":0.0646959}}
{"ts":"2022-05-30T12:36:59.617","pid":15140,"tid":"558","sev":"info","req":"-","sess":"-","k":"callback-send-begin","v":{"callback-destination":"tab.pipe://./pipe/{91CAADCE-A560-4E69-8BC9-B8F17373641B}","callback-reply":"tab.pipe://./pipe/{F45ABB0C-B177-4A41-998F-F31B2799D1A6}"}}
{"ts":"2022-05-30T12:36:59.618","pid":15140,"tid":"4448","sev":"info","req":"-","sess":"-","k":"monitor-endpoint-start","v":{}}
{"ts":"2022-05-30T12:36:59.618","pid":15140,"tid":"558","sev":"info","req":"-","sess":"-","k":"callback-send-end","v":{"elapsed":0.0002319}}
{"ts":"2022-05-30T12:36:59.618","pid":15140,"tid":"4450","sev":"info","req":"-","sess":"2","k":"named-pipe-client-accept","v":{"pipe-name":"auto"}}
{"ts":"2022-05-30T12:36:59.618","pid":15140,"tid":"4450","sev":"info","req":"-","sess":"2","k":"create-client-connection","v":{"cancellation_secret":608371647}}
{"ts":"2022-05-30T12:36:59.618","pid":15140,"tid":"4450","sev":"info","req":"-","sess":"-","k":"windows-timer-resolution-configuration","v":{"value":1}}
{"ts":"2022-05-30T12:36:59.619","pid":15140,"tid":"4454","sev":"info","req":"0","sess":"2","k":"request-header-received","v":{"len":285}}
{"ts":"2022-05-30T12:36:59.619","pid":15140,"tid":"4450","sev":"info","req":"0","sess":"2","k":"connection-startup-begin","v":{"db-user":"tableau_internal_user","options":{"database":"postgres","options":{"result_format_code":"hyperbinary","requestedProtocolVersion":"1","language":"en_US","access_mode":"readwrite","DateStyle":"MDY","extra_float_digits":"2","TwoDigitYearThreshold":"40","sessionid":"-","site":"{1AB563C0-E3D1-4E6A-8769-73452AF1C851}","site_user":"-"}}}}
{"ts":"2022-05-30T12:36:59.619","pid":15140,"tid":"4450","sev":"info","req":"-","sess":"2","k":"dbregistry-load","v":{"path":"\\\\?\\C:\\Users\\suraj\\AppData\\Local\\Temp\\TableauTemp\\1l0zpef0o5qdhg1h2cifs037z612\\hyper_db","new-ref-count":2,"already-loaded":true,"database-uuid":"70d45c9a-96f4-47c8-b3c8-a51a30b2c76e","encryption":"none","elapsed":2.7e-06}}
{"ts":"2022-05-30T12:36:59.619","pid":15140,"tid":"4450","sev":"info","req":"0","sess":"2","k":"connection-startup-end","v":{"elapsed-interpret-options":9.3e-06,"elapsed-check-user":2.9e-06,"have-cred":false,"elapsed-check-authentication":1.2e-06,"elapsed":8.39e-05}}
{"ts":"2022-05-30T12:36:59.621","pid":15140,"tid":"4450","sev":"info","req":"1","sess":"2","k":"request-header-received","v":{"len":36,"type":"Q"}}
{"ts":"2022-05-30T12:36:59.621","pid":15140,"tid":"4454","sev":"info","req":"1","sess":"2","k":"query-begin","v":{"client-session-id":"-","spooling":false,"query-settings-active":false,"query":"SELECT datname FROM pg_database"}}
{"ts":"2022-05-30T12:36:59.621","pid":15140,"tid":"4438","sev":"info","req":"1","sess":"2","k":"query-running","v":{"worker-slot":8}}
{"ts":"2022-05-30T12:36:59.623","pid":15140,"tid":"4438","sev":"info","req":"1","sess":"2","k":"dbregistry-release","v":{"path":"\\\\?\\C:\\Users\\suraj\\AppData\\Local\\Temp\\TableauTemp\\1l0zpef0o5qdhg1h2cifs037z612\\hyper_db","saved":false,"new-ref-count":2,"elapsed":1.8e-06}}
{"ts":"2022-05-30T12:36:59.623","pid":15140,"tid":"4438","sev":"info","req":"1","sess":"2","k":"query-end","v":{"client-session-id":"-","elapsed":0.001701,"parsing-time":4.08e-05,"compilation-time":0.0008733,"execution-time":5.81e-05,"time-to-schedule":3.26e-05,"lock-acquisition-time":1.3e-06,"peak-transaction-memory-mb":0,"peak-result-buffer-memory-mb":0.125,"peak-result-buffer-disk-mb":0,"result-size-mb":0.000608444,"spooling":false,"query-settings-active":false,"plan-cache-status":"cache miss","plan-cache-hit-count":0,"cols":1,"rows":1,"query-trunc":"SELECT datname FROM pg_database"}}
{"ts":"2022-05-30T12:36:59.623","pid":15140,"tid":"4450","sev":"info","req":"1","sess":"2","k":"query-result-sent","v":{"success":true,"time-since-query-end":4.84e-05,"transferred-volume-mb":0.000608444}}
{"ts":"2022-05-30T12:36:59.635","pid":15140,"tid":"4450","sev":"info","req":"-","sess":"3","k":"named-pipe-client-accept","v":{"pipe-name":"auto"}}
{"ts":"2022-05-30T12:36:59.635","pid":15140,"tid":"4450","sev":"info","req":"-","sess":"3","k":"create-client-connection","v":{"cancellation_secret":1372162733}}
{"ts":"2022-05-30T12:36:59.635","pid":15140,"tid":"4454","sev":"info","req":"0","sess":"3","k":"request-header-received","v":{"len":285}}
{"ts":"2022-05-30T12:36:59.635","pid":15140,"tid":"4450","sev":"info","req":"0","sess":"3","k":"connection-startup-begin","v":{"db-user":"tableau_internal_user","options":{"database":"postgres","options":{"result_format_code":"hyperbinary","requestedProtocolVersion":"1","language":"en_US","access_mode":"readwrite","DateStyle":"MDY","extra_float_digits":"2","TwoDigitYearThreshold":"40","sessionid":"-","site":"{1AB563C0-E3D1-4E6A-8769-73452AF1C851}","site_user":"-"}}}}
{"ts":"2022-05-30T12:36:59.635","pid":15140,"tid":"4450","sev":"info","req":"-","sess":"3","k":"dbregistry-load","v":{"path":"\\\\?\\C:\\Users\\suraj\\AppData\\Local\\Temp\\TableauTemp\\1l0zpef0o5qdhg1h2cifs037z612\\hyper_db","new-ref-count":3,"already-loaded":true,"database-uuid":"70d45c9a-96f4-47c8-b3c8-a51a30b2c76e","encryption":"none","elapsed":3.8e-06}}
{"ts":"2022-05-30T12:36:59.636","pid":15140,"tid":"4450","sev":"info","req":"0","sess":"3","k":"connection-startup-end","v":{"elapsed-interpret-options":9.7e-06,"elapsed-check-user":4.2e-06,"have-cred":false,"elapsed-check-authentication":9e-07,"elapsed":8.12e-05}}
{"ts":"2022-05-30T12:36:59.637","pid":15140,"tid":"4450","sev":"info","req":"1","sess":"3","k":"request-header-received","v":{"len":116,"type":"Q"}}
{"ts":"2022-05-30T12:36:59.637","pid":15140,"tid":"4454","sev":"info","req":"1","sess":"3","k":"query-begin","v":{"client-session-id":"-","spooling":false,"query-settings-active":false,"query":"CREATE DATABASE \"C:\\Users\\suraj\\AppData\\Local\\Temp\\TableauTemp\\#TableauTemp_1xnr96m1khatjy1ffdosl0ggm6ou.hyper\""}}
{"ts":"2022-05-30T12:36:59.637","pid":15140,"tid":"4434","sev":"info","req":"1","sess":"3","k":"query-running","v":{"worker-slot":7}}
{"ts":"2022-05-30T12:36:59.640","pid":15140,"tid":"4434","sev":"info","req":"1","sess":"3","k":"objstore-commit","v":{"file":"\\\\?\\C:\\Users\\suraj\\AppData\\Local\\Temp\\TableauTemp\\#TableauTemp_1xnr96m1khatjy1ffdosl0ggm6ou.hyper","truncate":false,"uncommitted-changes":true,"elapsed-mark-free":3.7e-06,"elapsed-apply-pending-frees":2.2e-06,"file-size":65536,"elapsed-consolidate-freelist":8e-06,"elapsed-write-directory-and-freelist":5.48e-05,"elapsed-sync-filehandles":0.0006121,"file-version":0,"encrypted":0,"last-write":"2022-05-30 07:06:59.640101","elapsed-write-header":0.0004789,"elapsed":0.0011658}}
{"ts":"2022-05-30T12:36:59.651","pid":15140,"tid":"4434","sev":"info","req":"1","sess":"3","k":"objstore-open","v":{"file":"\\\\?\\C:\\Users\\suraj\\AppData\\Local\\Temp\\TableauTemp\\#TableauTemp_1xnr96m1khatjy1ffdosl0ggm6ou.hyper","elapsed-setup-idmap":4.46e-05,"elapsed-open-file":0.010567,"file-version":0,"encrypted":0,"file-size":65536,"last-write":"2022-05-30 07:06:59.640101","elapsed-adjust-file-size":7.73e-05,"mapping-addr":"0x0f0f0f3fff1d0000","elapsed-map-file":2.46e-05,"elapsed-read-directory":1.79e-05,"elapsed":0.0107329}}
{"ts":"2022-05-30T12:36:59.653","pid":15140,"tid":"4434","sev":"info","req":"1","sess":"3","k":"objstore-commit","v":{"file":"\\\\?\\C:\\Users\\suraj\\AppData\\Local\\Temp\\TableauTemp\\#TableauTemp_1xnr96m1khatjy1ffdosl0ggm6ou.hyper","truncate":true,"uncommitted-changes":true,"elapsed-mark-free":2.5e-06,"elapsed-apply-pending-frees":7e-07,"file-size":65536,"elapsed-consolidate-freelist":4.7e-06,"elapsed-write-directory-and-freelist":1.02e-05,"elapsed-sync-filehandles":0.0004632,"file-version":0,"encrypted":0,"last-write":"2022-05-30 07:06:59.652102","elapsed-write-header":0.0005224,"elapsed-shrink-mapping":9.3e-06,"elapsed":0.001019}}
{"ts":"2022-05-30T12:36:59.653","pid":15140,"tid":"4434","sev":"info","req":"1","sess":"3","k":"dbregistry-create","v":{"path":"\\\\?\\C:\\Users\\suraj\\AppData\\Local\\Temp\\TableauTemp\\#TableauTemp_1xnr96m1khatjy1ffdosl0ggm6ou.hyper","ref-count":1,"elapsed-registry-insert":0.0002634,"elapsed-init-db-object":0.0002207,"elapsed-database-cb":0.0151754,"database-uuid":"903a561a-c271-4044-9224-066f2a81253e","closed":true,"elapsed-registry-close":0.0001006,"success":true,"elapsed":0.015763}}
{"ts":"2022-05-30T12:36:59.653","pid":15140,"tid":"4434","sev":"info","req":"1","sess":"3","k":"query-result-sent","v":{"success":true,"time-since-query-end":1.6e-06,"transferred-volume-mb":0.000483513}}
{"ts":"2022-05-30T12:36:59.653","pid":15140,"tid":"4434","sev":"info","req":"1","sess":"3","k":"query-end","v":{"client-session-id":"-","elapsed":0.0161952,"parsing-time":2.46e-05,"compilation-time":1.53e-05,"execution-time":0.0160505,"time-to-schedule":3.26e-05,"lock-acquisition-time":1.3e-06,"peak-transaction-memory-mb":0,"peak-result-buffer-memory-mb":0,"peak-result-buffer-disk-mb":0,"result-size-mb":0.000483513,"spooling":false,"query-settings-active":false,"plan-cache-status":"not run yet","plan-cache-hit-count":0,"cols":0,"rows":0,"query-trunc":"CREATE DATABASE \"C:\\Users\\suraj\\AppData\\Local\\Temp\\TableauTemp\\#TableauTemp_1xnr96m1khatjy1ffdosl0ggm6ou.hyper\""}}
{"ts":"2022-05-30T12:36:59.655","pid":15140,"tid":"4454","sev":"info","req":"2","sess":"3","k":"request-header-received","v":{"len":4,"type":"X"}}
{"ts":"2022-05-30T12:36:59.655","pid":15140,"tid":"4450","sev":"info","req":"-","sess":"6","k":"named-pipe-client-accept","v":{"pipe-name":"auto"}}
{"ts":"2022-05-30T12:36:59.655","pid":15140,"tid":"444c","sev":"info","req":"2","sess":"3","k":"connection-close-request","v":{"reason":"client terminated"}}
{"ts":"2022-05-30T12:36:59.655","pid":15140,"tid":"4450","sev":"info","req":"-","sess":"6","k":"create-client-connection","v":{"cancellation_secret":860459795}}
{"ts":"2022-05-30T12:36:59.655","pid":15140,"tid":"4454","sev":"info","req":"2","sess":"3","k":"connection-closed","v":{}}
{"ts":"2022-05-30T12:36:59.655","pid":15140,"tid":"444c","sev":"info","req":"0","sess":"6","k":"request-header-received","v":{"len":16}}
{"ts":"2022-05-30T12:36:59.655","pid":15140,"tid":"4454","sev":"info","req":"-","sess":"3","k":"dbregistry-release","v":{"path":"\\\\?\\C:\\Users\\suraj\\AppData\\Local\\Temp\\TableauTemp\\1l0zpef0o5qdhg1h2cifs037z612\\hyper_db","saved":false,"new-ref-count":2,"elapsed":2.7e-06}}
{"ts":"2022-05-30T12:36:59.655","pid":15140,"tid":"4450","sev":"info","req":"0","sess":"6","k":"cancel-request-received","v":{"id":15140,"secret":1372162733}}
{"ts":"2022-05-30T12:36:59.655","pid":15140,"tid":"444c","sev":"info","req":"0","sess":"6","k":"cancel-request-end","v":{"found-connection":false}}
{"ts":"2022-05-30T12:36:59.655","pid":15140,"tid":"4450","sev":"info","req":"0","sess":"6","k":"connection-closed","v":{}}
{"ts":"2022-05-30T12:36:59.656","pid":15140,"tid":"4450","sev":"info","req":"-","sess":"7","k":"named-pipe-client-accept","v":{"pipe-name":"auto"}}
{"ts":"2022-05-30T12:36:59.656","pid":15140,"tid":"4450","sev":"info","req":"-","sess":"7","k":"create-client-connection","v":{"cancellation_secret":3359684545}}
{"ts":"2022-05-30T12:36:59.656","pid":15140,"tid":"444c","sev":"info","req":"0","sess":"7","k":"request-header-received","v":{"len":370}}
{"ts":"2022-05-30T12:36:59.656","pid":15140,"tid":"4450","sev":"info","req":"0","sess":"7","k":"connection-startup-begin","v":{"db-user":"tableau_internal_user","options":{"database":"C:\\Users\\suraj\\AppData\\Local\\Temp\\TableauTemp\\#TableauTemp_1xnr96m1khatjy1ffdosl0ggm6ou.hyper","options":{"result_format_code":"hyperbinary","requestedProtocolVersion":"1","language":"en_US","access_mode":"readwrite","DateStyle":"MDY","extra_float_digits":"2","TwoDigitYearThreshold":"40","sessionid":"-","site":"{1AB563C0-E3D1-4E6A-8769-73452AF1C851}","site_user":"-"}}}}
{"ts":"2022-05-30T12:36:59.693","pid":15140,"tid":"4450","sev":"info","req":"-","sess":"-","k":"objstore-open","v":{"file":"\\\\?\\C:\\Users\\suraj\\AppData\\Local\\Temp\\TableauTemp\\#TableauTemp_1xnr96m1khatjy1ffdosl0ggm6ou.hyper","elapsed-setup-idmap":2.3e-06,"elapsed-open-file":0.0352335,"file-version":0,"encrypted":0,"file-size":65536,"last-write":"2022-05-30 07:06:59.652102","elapsed-adjust-file-size":9.04e-05,"mapping-addr":"0x0f0f0f3fff1d0000","elapsed-map-file":2.49e-05,"elapsed-read-directory":4.45e-05,"elapsed":0.0353967}}
{"ts":"2022-05-30T12:36:59.693","pid":15140,"tid":"4450","sev":"info","req":"-","sess":"7","k":"dbregistry-load","v":{"access-mode":"readwrite","path":"\\\\?\\C:\\Users\\suraj\\AppData\\Local\\Temp\\TableauTemp\\#TableauTemp_1xnr96m1khatjy1ffdosl0ggm6ou.hyper","path-given":"C:\\Users\\suraj\\AppData\\Local\\Temp\\TableauTemp\\#TableauTemp_1xnr96m1khatjy1ffdosl0ggm6ou.hyper","new-ref-count":1,"elapsed-registry-insert":6.6e-06,"already-loaded":false,"elapsed-load":0.0363981,"success":true,"database-uuid":"903a561a-c271-4044-9224-066f2a81253e","file-size":65536,"encryption":"none","elapsed":0.0364113}}
{"ts":"2022-05-30T12:36:59.693","pid":15140,"tid":"4450","sev":"info","req":"0","sess":"7","k":"connection-startup-end","v":{"elapsed-interpret-options":2.01e-05,"elapsed-check-user":3e-06,"have-cred":false,"elapsed-check-authentication":9e-07,"elapsed":0.0369227}}
{"ts":"2022-05-30T12:36:59.694","pid":15140,"tid":"4450","sev":"info","req":"1","sess":"7","k":"request-header-received","v":{"len":123,"type":"Q"}}
{"ts":"2022-05-30T12:36:59.694","pid":15140,"tid":"444c","sev":"info","req":"1","sess":"7","k":"query-begin","v":{"client-session-id":"-","spooling":false,"query-settings-active":false,"query":"SELECT n.nspname, n.oid FROM pg_catalog.pg_namespace n WHERE n.nspname !~ '^pg_' AND n.nspname <> 'information_schema'"}}
{"ts":"2022-05-30T12:36:59.695","pid":15140,"tid":"4434","sev":"info","req":"1","sess":"7","k":"query-running","v":{"worker-slot":7}}
{"ts":"2022-05-30T12:36:59.696","pid":15140,"tid":"4434","sev":"info","req":"1","sess":"7","k":"query-end","v":{"client-session-id":"-","elapsed":0.0016611,"parsing-time":5.25e-05,"compilation-time":0.0013878,"execution-time":9.22e-05,"time-to-schedule":5.36e-05,"lock-acquisition-time":2.4e-06,"peak-transaction-memory-mb":0,"peak-result-buffer-memory-mb":0.125,"peak-result-buffer-disk-mb":0,"result-size-mb":0.000584602,"spooling":false,"query-settings-active":false,"plan-cache-status":"cache miss","plan-cache-hit-count":0,"cols":2,"rows":2,"query-trunc":"SELECT n.nspname, n.oid FROM pg_catalog.pg_namespace n WHERE n.nspname !~ '^pg_' AND n.nspname <> 'information_schema'"}}
{"ts":"2022-05-30T12:36:59.696","pid":15140,"tid":"4450","sev":"info","req":"1","sess":"7","k":"query-result-sent","v":{"success":true,"time-since-query-end":4.78e-05,"transferred-volume-mb":0.000584602}}
{"ts":"2022-05-30T12:36:59.697","pid":15140,"tid":"4450","sev":"info","req":"2","sess":"7","k":"request-header-received","v":{"len":32,"type":"Q"}}
{"ts":"2022-05-30T12:36:59.697","pid":15140,"tid":"444c","sev":"info","req":"2","sess":"7","k":"query-begin","v":{"client-session-id":"-","spooling":false,"query-settings-active":false,"query":"CREATE SCHEMA \"TableauTemp\""}}
{"ts":"2022-05-30T12:36:59.697","pid":15140,"tid":"4434","sev":"info","req":"2","sess":"7","k":"query-running","v":{"worker-slot":7}}
{"ts":"2022-05-30T12:36:59.697","pid":15140,"tid":"4434","sev":"info","req":"2","sess":"7","k":"query-result-sent","v":{"success":true,"time-since-query-end":1.2e-06,"transferred-volume-mb":1.90735e-05}}
{"ts":"2022-05-30T12:36:59.697","pid":15140,"tid":"4434","sev":"info","req":"2","sess":"7","k":"query-end","v":{"client-session-id":"-","elapsed":0.0001304,"parsing-time":9.8e-06,"compilation-time":6.2e-06,"execution-time":5.06e-05,"time-to-schedule":2.74e-05,"lock-acquisition-time":9e-07,"peak-transaction-memory-mb":0,"peak-result-buffer-memory-mb":0,"peak-result-buffer-disk-mb":0,"result-size-mb":1.90735e-05,"spooling":false,"query-settings-active":false,"plan-cache-status":"not run yet","plan-cache-hit-count":0,"cols":0,"rows":0,"query-trunc":"CREATE SCHEMA \"TableauTemp\""}}
{"ts":"2022-05-30T12:36:59.700","pid":15140,"tid":"4450","sev":"info","req":"3","sess":"7","k":"request-header-received","v":{"len":22,"type":"Q"}}
{"ts":"2022-05-30T12:36:59.700","pid":15140,"tid":"444c","sev":"info","req":"3","sess":"7","k":"query-begin","v":{"client-session-id":"-","spooling":false,"query-settings-active":false,"query":"show \"lc_collate\""}}
{"ts":"2022-05-30T12:36:59.701","pid":15140,"tid":"4434","sev":"info","req":"3","sess":"7","k":"query-running","v":{"worker-slot":7}}
{"ts":"2022-05-30T12:36:59.701","pid":15140,"tid":"4434","sev":"info","req":"3","sess":"7","k":"query-end","v":{"client-session-id":"-","elapsed":0.0001752,"parsing-time":5.7e-06,"compilation-time":0.0001068,"execution-time":1.37e-05,"time-to-schedule":2.26e-05,"lock-acquisition-time":1e-06,"peak-transaction-memory-mb":0,"peak-result-buffer-memory-mb":0,"peak-result-buffer-disk-mb":0,"result-size-mb":6.96182e-05,"spooling":false,"query-settings-active":false,"plan-cache-status":"cache miss","plan-cache-hit-count":0,"cols":1,"rows":1,"query-trunc":"show \"lc_collate\""}}
{"ts":"2022-05-30T12:36:59.701","pid":15140,"tid":"4450","sev":"info","req":"3","sess":"7","k":"query-result-sent","v":{"success":true,"time-since-query-end":5.6e-05,"transferred-volume-mb":6.96182e-05}}
{"ts":"2022-05-30T12:37:07.805","pid":15140,"tid":"444c","sev":"info","req":"-","sess":"9","k":"named-pipe-client-accept","v":{"pipe-name":"auto"}}
{"ts":"2022-05-30T12:37:07.806","pid":15140,"tid":"444c","sev":"info","req":"-","sess":"9","k":"create-client-connection","v":{"cancellation_secret":4199588279}}
{"ts":"2022-05-30T12:37:07.806","pid":15140,"tid":"4450","sev":"info","req":"0","sess":"9","k":"request-header-received","v":{"len":348}}
{"ts":"2022-05-30T12:37:07.806","pid":15140,"tid":"444c","sev":"info","req":"0","sess":"9","k":"connection-startup-begin","v":{"db-user":"tableau_internal_user","options":{"database":"C:/Users/suraj/AppData/Local/Temp/TableauTemp/#TableauTemp_1xnr96m1khatjy1ffdosl0ggm6ou.hyper","options":{"result_format_code":"hyperbinary","requestedProtocolVersion":"1","language":"en_US","DateStyle":"MDY","extra_float_digits":"2","TwoDigitYearThreshold":"40","sessionid":"-","site":"{1AB563C0-E3D1-4E6A-8769-73452AF1C851}","site_user":"-"}}}}
{"ts":"2022-05-30T12:37:07.806","pid":15140,"tid":"444c","sev":"info","req":"-","sess":"9","k":"dbregistry-load","v":{"access-mode":"readwrite","path":"\\\\?\\C:\\Users\\suraj\\AppData\\Local\\Temp\\TableauTemp\\#TableauTemp_1xnr96m1khatjy1ffdosl0ggm6ou.hyper","path-given":"C:/Users/suraj/AppData/Local/Temp/TableauTemp/#TableauTemp_1xnr96m1khatjy1ffdosl0ggm6ou.hyper","new-ref-count":2,"elapsed-registry-insert":7.7e-06,"already-loaded":true,"success":true,"database-uuid":"903a561a-c271-4044-9224-066f2a81253e","file-size":65536,"encryption":"none","elapsed":1.5e-05}}
{"ts":"2022-05-30T12:37:07.806","pid":15140,"tid":"444c","sev":"info","req":"0","sess":"9","k":"connection-startup-end","v":{"elapsed-interpret-options":1.71e-05,"elapsed-check-user":6.3e-06,"have-cred":false,"elapsed-check-authentication":1.2e-06,"elapsed":0.0005516}}
{"ts":"2022-05-30T12:37:07.822","pid":15140,"tid":"444c","sev":"info","req":"1","sess":"9","k":"request-header-received","v":{"len":116,"type":"Q"}}
{"ts":"2022-05-30T12:37:07.822","pid":15140,"tid":"4450","sev":"info","req":"1","sess":"9","k":"query-begin","v":{"client-session-id":"-","spooling":false,"query-settings-active":false,"query":"UNLOAD DATABASE \"C:/Users/suraj/AppData/Local/Temp/TableauTemp/#TableauTemp_1xnr96m1khatjy1ffdosl0ggm6ou.hyper\""}}
{"ts":"2022-05-30T12:37:07.858","pid":15140,"tid":"4450","sev":"info","req":"1","sess":"9","k":"dbregistry-unload-prepare","v":{"path":"\\\\?\\C:\\Users\\suraj\\AppData\\Local\\Temp\\TableauTemp\\#TableauTemp_1xnr96m1khatjy1ffdosl0ggm6ou.hyper","permission-granted":true,"elapsed":8.9e-06}}
{"ts":"2022-05-30T12:37:07.859","pid":15140,"tid":"4450","sev":"info","req":"3","sess":"7","k":"connection-unload-scheduled","v":{}}
{"ts":"2022-05-30T12:37:07.859","pid":15140,"tid":"4450","sev":"info","req":"3","sess":"7","k":"connection-drop-scheduled","v":{"source":"external"}}
{"ts":"2022-05-30T12:37:07.860","pid":15140,"tid":"444c","sev":"info","req":"3","sess":"7","k":"connection-communication-expected-error","v":{"exception":{"type":"system_error","message":"No process is on the other end of the pipe","error-code":233,"error-category":"system","error-message":"No process is on the other end of the pipe"},"source":"handleMain"}}
{"ts":"2022-05-30T12:37:07.860","pid":15140,"tid":"4450","sev":"info","req":"3","sess":"7","k":"connection-closed","v":{}}
{"ts":"2022-05-30T12:37:07.862","pid":15140,"tid":"4450","sev":"info","req":"-","sess":"-","k":"objstore-commit","v":{"file":"\\\\?\\C:\\Users\\suraj\\AppData\\Local\\Temp\\TableauTemp\\#TableauTemp_1xnr96m1khatjy1ffdosl0ggm6ou.hyper","truncate":true,"uncommitted-changes":true,"elapsed-mark-free":9.4e-06,"elapsed-apply-pending-frees":4.6e-06,"file-size":65536,"elapsed-consolidate-freelist":1.3e-05,"elapsed-write-directory-and-freelist":2.48e-05,"elapsed-sync-filehandles":0.000939,"file-version":0,"encrypted":0,"last-write":"2022-05-30 07:07:07.861695","elapsed-write-header":0.0009555,"elapsed-shrink-mapping":3.79e-05,"elapsed":0.0020129}}
{"ts":"2022-05-30T12:37:07.863","pid":15140,"tid":"4450","sev":"info","req":"-","sess":"7","k":"dbregistry-unload-finish","v":{"path":"\\\\?\\C:\\Users\\suraj\\AppData\\Local\\Temp\\TableauTemp\\#TableauTemp_1xnr96m1khatjy1ffdosl0ggm6ou.hyper","requesting-session":9,"requesting-request":1,"saved":true,"elapsed-save":0.0035479,"elapsed-callback":1.87e-05,"elapsed":0.0035674}}
{"ts":"2022-05-30T12:37:07.863","pid":15140,"tid":"4450","sev":"info","req":"-","sess":"7","k":"dbregistry-release","v":{"path":"\\\\?\\C:\\Users\\suraj\\AppData\\Local\\Temp\\TableauTemp\\#TableauTemp_1xnr96m1khatjy1ffdosl0ggm6ou.hyper","saved":false,"new-ref-count":1,"elapsed":0.0035873}}
{"ts":"2022-05-30T12:37:07.863","pid":15140,"tid":"444c","sev":"info","req":"1","sess":"9","k":"query-result-sent","v":{"success":true,"time-since-query-end":3.1e-06,"transferred-volume-mb":0.000483513}}
{"ts":"2022-05-30T12:37:07.863","pid":15140,"tid":"444c","sev":"info","req":"1","sess":"9","k":"query-end","v":{"client-session-id":"-","elapsed":0.0413606,"parsing-time":4.14e-05,"peak-result-buffer-memory-mb":0,"peak-result-buffer-disk-mb":0,"result-size-mb":0.000483513,"spooling":false,"query-settings-active":false,"query-trunc":"UNLOAD DATABASE \"C:/Users/suraj/AppData/Local/Temp/TableauTemp/#TableauTemp_1xnr96m1khatjy1ffdosl0ggm6ou.hyper\""}}
{"ts":"2022-05-30T12:37:07.869","pid":15140,"tid":"444c","sev":"info","req":"2","sess":"9","k":"request-header-received","v":{"len":19,"type":"Q"}}
{"ts":"2022-05-30T12:37:07.869","pid":15140,"tid":"4450","sev":"info","req":"2","sess":"9","k":"query-begin","v":{"client-session-id":"-","spooling":false,"query-settings-active":false,"query":"UNLOAD RELEASE"}}
{"ts":"2022-05-30T12:37:07.869","pid":15140,"tid":"4450","sev":"info","req":"-","sess":"9","k":"dbregistry-release","v":{"path":"\\\\?\\C:\\Users\\suraj\\AppData\\Local\\Temp\\TableauTemp\\#TableauTemp_1xnr96m1khatjy1ffdosl0ggm6ou.hyper","was-unloaded":true,"elapsed":6.5e-06}}
{"ts":"2022-05-30T12:37:07.869","pid":15140,"tid":"4450","sev":"info","req":"2","sess":"9","k":"query-result-sent","v":{"success":true,"time-since-query-end":3.7e-06,"transferred-volume-mb":1.14441e-05}}
{"ts":"2022-05-30T12:37:07.869","pid":15140,"tid":"4450","sev":"info","req":"2","sess":"9","k":"query-end","v":{"client-session-id":"-","elapsed":4.14e-05,"parsing-time":1.47e-05,"peak-result-buffer-memory-mb":0,"peak-result-buffer-disk-mb":0,"result-size-mb":1.14441e-05,"spooling":false,"query-settings-active":false,"query-trunc":"UNLOAD RELEASE"}}
{"ts":"2022-05-30T12:37:07.885","pid":15140,"tid":"4450","sev":"info","req":"-","sess":"11","k":"named-pipe-client-accept","v":{"pipe-name":"auto"}}
{"ts":"2022-05-30T12:37:07.885","pid":15140,"tid":"4450","sev":"info","req":"-","sess":"11","k":"create-client-connection","v":{"cancellation_secret":1844720569}}
{"ts":"2022-05-30T12:37:07.885","pid":15140,"tid":"444c","sev":"info","req":"0","sess":"11","k":"request-header-received","v":{"len":16}}
{"ts":"2022-05-30T12:37:07.885","pid":15140,"tid":"4450","sev":"info","req":"0","sess":"11","k":"cancel-request-received","v":{"id":15140,"secret":3359684545}}
{"ts":"2022-05-30T12:37:07.885","pid":15140,"tid":"444c","sev":"info","req":"0","sess":"11","k":"cancel-request-end","v":{"found-connection":false}}
{"ts":"2022-05-30T12:37:07.885","pid":15140,"tid":"4450","sev":"info","req":"0","sess":"11","k":"connection-closed","v":{}}
{"ts":"2022-05-30T12:37:07.899","pid":15140,"tid":"444c","sev":"info","req":"2","sess":"2","k":"request-header-received","v":{"len":4,"type":"X"}}
{"ts":"2022-05-30T12:37:07.899","pid":15140,"tid":"4450","sev":"info","req":"-","sess":"12","k":"named-pipe-client-accept","v":{"pipe-name":"auto"}}
{"ts":"2022-05-30T12:37:07.899","pid":15140,"tid":"4454","sev":"info","req":"2","sess":"2","k":"connection-close-request","v":{"reason":"client terminated"}}
{"ts":"2022-05-30T12:37:07.900","pid":15140,"tid":"4450","sev":"info","req":"-","sess":"12","k":"create-client-connection","v":{"cancellation_secret":1967010728}}
{"ts":"2022-05-30T12:37:07.900","pid":15140,"tid":"4454","sev":"info","req":"0","sess":"12","k":"request-header-received","v":{"len":16}}
{"ts":"2022-05-30T12:37:07.900","pid":15140,"tid":"444c","sev":"info","req":"2","sess":"2","k":"connection-closed","v":{}}
{"ts":"2022-05-30T12:37:07.900","pid":15140,"tid":"4450","sev":"info","req":"0","sess":"12","k":"cancel-request-received","v":{"id":15140,"secret":608371647}}
{"ts":"2022-05-30T12:37:07.900","pid":15140,"tid":"444c","sev":"info","req":"-","sess":"2","k":"dbregistry-release","v":{"path":"\\\\?\\C:\\Users\\suraj\\AppData\\Local\\Temp\\TableauTemp\\1l0zpef0o5qdhg1h2cifs037z612\\hyper_db","saved":false,"new-ref-count":1,"elapsed":4.8e-06}}
{"ts":"2022-05-30T12:37:07.900","pid":15140,"tid":"4454","sev":"info","req":"0","sess":"12","k":"cancel-request-end","v":{"found-connection":false}}
{"ts":"2022-05-30T12:37:07.900","pid":15140,"tid":"444c","sev":"info","req":"0","sess":"12","k":"connection-closed","v":{}}
{"ts":"2022-05-30T12:37:08.210","pid":15140,"tid":"4448","sev":"info","req":"-","sess":"-","k":"monitor-endpoint-initiate-shutdown","v":{"communicator-error":"No process is on the other end of the pipe"}}
{"ts":"2022-05-30T12:37:08.210","pid":15140,"tid":"444c","sev":"fatal","req":"-","sess":"-","k":"server-shutdown-signal","v":{"start-time-delta":8.65742,"signal-number":2}}
{"ts":"2022-05-30T12:37:08.245","pid":15140,"tid":"444c","sev":"info","req":"-","sess":"-","k":"drop-all-connections","v":{}}
{"ts":"2022-05-30T12:37:08.245","pid":15140,"tid":"444c","sev":"info","req":"2","sess":"9","k":"connection-drop-scheduled","v":{"source":"external"}}
{"ts":"2022-05-30T12:37:08.245","pid":15140,"tid":"4454","sev":"info","req":"2","sess":"9","k":"connection-communication-expected-error","v":{"exception":{"type":"system_error","message":"No process is on the other end of the pipe","error-code":233,"error-category":"system","error-message":"No process is on the other end of the pipe"},"source":"handleMain"}}
{"ts":"2022-05-30T12:37:08.245","pid":15140,"tid":"4450","sev":"info","req":"2","sess":"9","k":"connection-closed","v":{}}
{"ts":"2022-05-30T12:37:08.245","pid":15140,"tid":"558","sev":"info","req":"-","sess":"-","k":"server-shutdown-begin","v":{"elapsed":0.0350349,"start-time-delta":8.69246}}
{"ts":"2022-05-30T12:37:08.245","pid":15140,"tid":"558","sev":"info","req":"-","sess":"-","k":"resource-logger-shutdown-begin","v":{}}
{"ts":"2022-05-30T12:37:08.245","pid":15140,"tid":"558","sev":"info","req":"-","sess":"-","k":"resource-logger-shutdown-end","v":{"elapsed":3e-07}}
{"ts":"2022-05-30T12:37:08.245","pid":15140,"tid":"558","sev":"info","req":"-","sess":"-","k":"scheduler-shutdown-begin","v":{}}
{"ts":"2022-05-30T12:37:08.246","pid":15140,"tid":"558","sev":"info","req":"-","sess":"-","k":"scheduler-shutdown-end","v":{"elapsed":0.0004806}}
{"ts":"2022-05-30T12:37:08.246","pid":15140,"tid":"558","sev":"info","req":"-","sess":"-","k":"global-infrastructure-shutdown","v":{}}
{"ts":"2022-05-30T12:37:08.246","pid":15140,"tid":"558","sev":"info","req":"-","sess":"-","k":"database-registry-shutdown-begin","v":{}}
{"ts":"2022-05-30T12:37:08.247","pid":15140,"tid":"558","sev":"info","req":"-","sess":"-","k":"objstore-commit","v":{"file":"\\\\?\\C:\\Users\\suraj\\AppData\\Local\\Temp\\TableauTemp\\1l0zpef0o5qdhg1h2cifs037z612\\hyper_db","truncate":true,"uncommitted-changes":false,"elapsed-mark-free":1.58e-05,"elapsed-apply-pending-frees":5e-07,"file-size":65536,"elapsed-consolidate-freelist":4.3e-06,"elapsed-write-directory-and-freelist":1.82e-05,"elapsed-sync-filehandles":0.0005886,"file-version":0,"encrypted":0,"last-write":"2022-05-30 07:07:08.246609","elapsed-write-header":0.0004365,"elapsed-shrink-mapping":8.9e-06,"elapsed":0.0010771}}
{"ts":"2022-05-30T12:37:08.247","pid":15140,"tid":"558","sev":"info","req":"-","sess":"-","k":"dbregistry-release","v":{"path":"\\\\?\\C:\\Users\\suraj\\AppData\\Local\\Temp\\TableauTemp\\1l0zpef0o5qdhg1h2cifs037z612\\hyper_db","saved":true,"elapsed-save":0.0015262,"closed":true,"elapsed-registry-close":3.6e-06,"elapsed":0.0015319}}
{"ts":"2022-05-30T12:37:08.247","pid":15140,"tid":"558","sev":"info","req":"-","sess":"-","k":"database-registry-shutdown-end","v":{"elapsed":0.0015363}}
{"ts":"2022-05-30T12:37:08.247","pid":15140,"tid":"558","sev":"info","req":"-","sess":"-","k":"server-shutdown-end","v":{"elapsed":0.0372781,"start-time-delta":8.6947}}
{"ts":"2022-05-30T12:37:08.248","pid":15140,"tid":"558","sev":"info","req":"-","sess":"-","k":"logging-end","v":{}}
{"ts":"2022-05-30T12:37:08.248","pid":15140,"tid":"4408","sev":"info","req":"-","sess":"-","k":"log-close","v":{"path":"C:\\Users\\suraj\\Documents\\My Tableau Repository\\Logs\\hyperd_1.log"}}
